00:15:43:013 [main] INFO  testCases.TC_02_SearchTest - Clicking search butto
00:15:46:365 [main] INFO  testCases.TC_02_SearchTest - Started search functinality
00:16:10:728 [main] INFO  testCases.TC_03_InvalidLoginTest - Starting test case: Invalid login credentials
00:16:10:816 [main] INFO  testCases.TC_03_InvalidLoginTest - Clicked on the login button
00:16:17:160 [main] INFO  testCases.TC_03_InvalidLoginTest - Provided invalid username and password
00:16:17:279 [main] INFO  testCases.TC_03_InvalidLoginTest - Attempted login with invalid credentials
21:05:43:577 [main] INFO  testCases.TC_02_SearchTest - provided username and password
21:05:43:781 [main] INFO  testCases.TC_02_SearchTest - sucessfully logged into the naukari application
21:05:43:781 [main] INFO  testCases.TC_02_SearchTest - Started search functinality
21:05:51:917 [main] INFO  testCases.TC_02_SearchTest - Location checking
21:05:55:215 [main] INFO  testCases.TC_02_SearchTest - Clicking search butto
21:05:59:323 [main] INFO  testCases.TC_02_SearchTest - Started search functinality
21:13:44:818 [main] INFO  testCases.TC_02_SearchTest - provided username and password
21:13:44:998 [main] INFO  testCases.TC_02_SearchTest - sucessfully logged into the naukari application
21:13:44:998 [main] INFO  testCases.TC_02_SearchTest - Started search functinality
21:13:53:418 [main] INFO  testCases.TC_02_SearchTest - Location checking
21:13:56:706 [main] INFO  testCases.TC_02_SearchTest - Clicking search butto
21:14:00:301 [main] INFO  testCases.TC_02_SearchTest - Started search functinality
21:32:19:902 [main] INFO  testCases.TC_04_ApplyJob - provided username and password
21:32:20:057 [main] INFO  testCases.TC_04_ApplyJob - sucessfully logged into the naukari application
21:32:20:057 [main] INFO  testCases.TC_04_ApplyJob - Started search functinality
21:32:28:107 [main] INFO  testCases.TC_04_ApplyJob - Location checking
21:32:31:637 [main] INFO  testCases.TC_04_ApplyJob - Clicking search butto
21:38:56:450 [main] INFO  testCases.TC_04_ApplyJob - provided username and password
21:38:56:626 [main] INFO  testCases.TC_04_ApplyJob - sucessfully logged into the naukari application
21:38:56:628 [main] INFO  testCases.TC_04_ApplyJob - Started search functinality
21:39:04:751 [main] INFO  testCases.TC_04_ApplyJob - provided username and password
21:39:04:924 [main] INFO  testCases.TC_04_ApplyJob - sucessfully logged into the naukari application
21:39:04:924 [main] INFO  testCases.TC_04_ApplyJob - Started search functinality
21:39:05:392 [main] INFO  testCases.TC_04_ApplyJob - Location checking
21:39:08:683 [main] INFO  testCases.TC_04_ApplyJob - Clicking search butto
21:39:14:128 [main] INFO  testCases.TC_04_ApplyJob - Location checking
21:39:17:385 [main] INFO  testCases.TC_04_ApplyJob - Clicking search butto
22:50:29:557 [main] INFO  testCases.TC_05_Apply_Jobs - starting test cases
22:50:34:656 [main] INFO  testCases.TC_05_Apply_Jobs - Clicked on log button
22:50:40:853 [main] INFO  testCases.TC_05_Apply_Jobs - provided username and password
22:52:12:147 [main] INFO  testCases.TC_05_Apply_Jobs - starting test cases
22:52:17:246 [main] INFO  testCases.TC_05_Apply_Jobs - Clicked on log button
22:52:23:400 [main] INFO  testCases.TC_05_Apply_Jobs - provided username and password
22:55:51:244 [main] INFO  testCases.TC_05_Apply_Jobs - provided username and password
22:55:51:299 [main] INFO  testCases.TC_05_Apply_Jobs - sucessfully logged into the naukari application
22:55:51:299 [main] INFO  testCases.TC_05_Apply_Jobs - Started search functinality
22:56:48:577 [main] INFO  testCases.TC_05_Apply_Jobs - provided username and password
22:56:48:663 [main] INFO  testCases.TC_05_Apply_Jobs - sucessfully logged into the naukari application
22:56:48:663 [main] INFO  testCases.TC_05_Apply_Jobs - Started search functinality
22:56:56:130 [main] INFO  testCases.TC_05_Apply_Jobs - Location checking
22:56:59:268 [main] INFO  testCases.TC_05_Apply_Jobs - Clicking search butto
21:33:53:859 [main] INFO  testCases.TC_04_ApplyJob - provided username and password
21:33:54:032 [main] INFO  testCases.TC_04_ApplyJob - sucessfully logged into the naukari application
21:33:54:032 [main] INFO  testCases.TC_04_ApplyJob - Started search functinality
21:34:02:332 [main] INFO  testCases.TC_04_ApplyJob - Location checking
21:34:05:672 [main] INFO  testCases.TC_04_ApplyJob - Clicking search butto
21:42:35:824 [main] INFO  testCases.TC_04_ApplyJob - provided username and password
21:42:35:984 [main] INFO  testCases.TC_04_ApplyJob - sucessfully logged into the naukari application
21:42:35:984 [main] INFO  testCases.TC_04_ApplyJob - Started search functinality
21:42:44:806 [main] INFO  testCases.TC_04_ApplyJob - Location checking
21:42:48:173 [main] INFO  testCases.TC_04_ApplyJob - Clicking search butto
21:48:27:891 [main] INFO  testCases.TC_04_ApplyJob - provided username and password
21:48:28:071 [main] INFO  testCases.TC_04_ApplyJob - sucessfully logged into the naukari application
